Date/time: 2024-04-07 16:47:14.790909
Function name: hello_world
Arguments: ((), {})
Return value: Hello World

Date/time: 2024-04-07 16:47:14.790909
Function name: summator
Arguments: ((2, 2), {})
Return value: 4

Date/time: 2024-04-07 16:47:14.790909
Function name: div
Arguments: ((6, 2), {})
Return value: 3.0

Date/time: 2024-04-07 16:47:14.791914
Function name: summator
Arguments: ((4.3,), {'b': 2.2})
Return value: 6.5

Date/time: 2024-04-07 16:47:14.791914
Function name: summator
Arguments: ((), {'a': 0, 'b': 0})
Return value: 0

